android/app/build/outputs/mapping/release/mapping.txt
# compiler: R8
# compiler_version: 1.4.77
# min_api: 16
com.tdlcrm.MainActivity -> com.tdlcrm.MainActivity:
    com.facebook.react.ReactActivityDelegate createReactActivityDelegate() -> lc
    java.lang.String getMainComponentName() -> mc
com.tdlcrm.MainActivity$1 -> com.tdlcrm.a:
com.tdlcrm.MainApplication -> com.tdlcrm.MainApplication:
    com.facebook.react.ReactNativeHost mReactNativeHost -> Oa
    com.facebook.react.ReactNativeHost getReactNativeHost() -> F
com.tdlcrm.MainApplication$1 -> com.tdlcrm.b:
    java.lang.String getJSMainModuleName() -> Ol
    boolean getUseDeveloperSupport() -> Sl
...
net.time4j.history.internal.HistoricAttribute -> net.time4j.history.a.a:
    net.time4j.engine.AttributeKey LATIN_ERA -> Rya
    net.time4j.engine.AttributeKey CALENDAR_HISTORY -> Pya
    net.time4j.engine.AttributeKey COMMON_ERA -> Qya
net.time4j.history.internal.HistoricVariant -> net.time4j.history.a.c:
    net.time4j.history.internal.HistoricVariant PROLEPTIC_BYZANTINE -> wpa
    net.time4j.history.internal.HistoricVariant INTRODUCTION_ON_1582_10_15 -> upa
    net.time4j.history.internal.HistoricVariant SINGLE_CUTOVER_DATE -> vpa
    net.time4j.history.internal.HistoricVariant SWEDEN -> tpa
    net.time4j.history.internal.HistoricVariant PROLEPTIC_JULIAN -> rpa
    net.time4j.history.internal.HistoricVariant PROLEPTIC_GREGORIAN -> spa
    int getSerialValue() -> jo
net.time4j.history.internal.HistoricVariant$1 -> net.time4j.history.a.b:
    int[] $SwitchMap$net$time4j$history$internal$HistoricVariant -> nya
net.time4j.history.internal.StdHistoricalElement -> net.time4j.history.a.d:
    java.lang.Integer defaultMin -> fta
    net.time4j.engine.ChronoElement YEAR_OF_DISPLAY -> rta
    java.lang.Integer defaultMax -> _sa
    boolean isDateElement() -> Ab
    java.lang.Integer getDefaultMinimum() -> Ob
    java.lang.Object getDefaultMinimum() -> Ob
    boolean isTimeElement() -> Sb
    boolean isSingleton() -> Yo
    java.lang.Integer getDefaultMaximum() -> s
    java.lang.Object getDefaultMaximum() -> s
net.time4j.i18n.DefaultPluralProviderSPI -> net.time4j.e.b:
    java.util.Map CARDINAL_MAP -> Bva
    java.util.Map ORDINAL_MAP -> Cva
    net.time4j.format.PluralRules STD_CARDINALS -> Sya
    net.time4j.format.PluralRules STD_ORDINALS -> Tya
    void fillC(java.util.Map,java.lang.String,int) -> a
    net.time4j.format.PluralRules load(java.util.Locale,net.time4j.format.NumberType) -> a
    void fillO(java.util.Map,java.lang.String,int) -> b
net.time4j.i18n.DefaultPluralProviderSPI$1 -> net.time4j.e.a:
    int[] $SwitchMap$net$time4j$format$NumberType -> wva
net.time4j.i18n.DefaultPluralProviderSPI$StdCardinalRules -> net.time4j.e.b$a:
net.time4j.i18n.DefaultPluralProviderSPI$StdOrdinalRules -> net.time4j.e.b$b:
net.time4j.i18n.HistoricExtension -> net.time4j.e.c:
    java.util.Set getElements(java.util.Locale,net.time4j.engine.AttributeQuery) -> a
    net.time4j.engine.ChronoEntity resolve(net.time4j.engine.ChronoEntity,java.util.Locale,net.time4j.engine.AttributeQuery) -> a
    net.time4j.engine.ChronoEntity resolve(net.time4j.engine.ChronoEntity,net.time4j.history.ChronoHistory,net.time4j.engine.AttributeQuery) -> a
    boolean accept(java.lang.Class) -> b
    boolean canResolve(net.time4j.engine.ChronoElement) -> c
    net.time4j.history.ChronoHistory getHistory(java.util.Locale,net.time4j.engine.AttributeQuery) -> c